<?xml version="1.0" encoding="UTF-8"?>
<!-- Generated by org.testng.reporters.JUnitReportReporter -->
<testsuite hostname="IN-PG02NMEL" failures="0" tests="3" name="TestRunner.Runner" time="85.438" errors="0" timestamp="21 Mar 2022 14:43:19 GMT" skipped="0">
  <testcase classname="TestRunner.Runner" name="runScenario" time="30.829"/>
  <testcase classname="TestRunner.Runner" name="runScenario" time="26.493"/>
  <testcase classname="TestRunner.Runner" name="runScenario" time="28.116"/>
</testsuite> <!-- TestRunner.Runner -->
